  Engine.cpp
D:\Engines\EnginesAhoy\EnginesAhoy\EnginesAhoy\GameObject.h(13,7): warning C4244: '=': conversion from 'int' to 'float', possible loss of data
D:\Engines\EnginesAhoy\EnginesAhoy\EnginesAhoy\GameObject.h(14,7): warning C4244: '=': conversion from 'int' to 'float', possible loss of data
D:\Engines\EnginesAhoy\EnginesAhoy\EnginesAhoy\Particle.h(33,67): warning C4244: 'argument': conversion from 'float' to 'int', possible loss of data
D:\Engines\EnginesAhoy\EnginesAhoy\EnginesAhoy\Particle.h(33,59): warning C4244: 'argument': conversion from 'float' to 'int', possible loss of data
D:\Engines\EnginesAhoy\EnginesAhoy\EnginesAhoy\ParticleEmitter.h(41,21): warning C4018: '<': signed/unsigned mismatch
D:\Engines\EnginesAhoy\EnginesAhoy\EnginesAhoy\ParticleEmitter.h(51,17): warning C4244: 'initializing': conversion from 'float' to 'int', possible loss of data
D:\Engines\EnginesAhoy\EnginesAhoy\EnginesAhoy\ParticleEmitter.h(52,17): warning C4244: 'initializing': conversion from 'float' to 'int', possible loss of data
D:\Engines\EnginesAhoy\EnginesAhoy\EnginesAhoy\ParticleEmitter.h(56,17): warning C4244: 'initializing': conversion from 'float' to 'int', possible loss of data
D:\Engines\EnginesAhoy\EnginesAhoy\EnginesAhoy\ParticleEmitter.h(57,17): warning C4244: 'initializing': conversion from 'float' to 'int', possible loss of data
D:\Engines\EnginesAhoy\EnginesAhoy\EnginesAhoy\ParticleEmitter.h(98,21): warning C4018: '<': signed/unsigned mismatch
D:\Engines\EnginesAhoy\EnginesAhoy\EnginesAhoy\ParticleEmitter.h(127,21): warning C4018: '<': signed/unsigned mismatch
D:\Engines\EnginesAhoy\EnginesAhoy\EnginesAhoy\ParticleEmitter.h(170,11): warning C4244: 'initializing': conversion from 'int' to 'float', possible loss of data
D:\Engines\EnginesAhoy\EnginesAhoy\EnginesAhoy\ParticleEmitter.h(171,12): warning C4244: 'initializing': conversion from 'int' to 'float', possible loss of data
D:\Engines\EnginesAhoy\EnginesAhoy\EnginesAhoy\ParticleEmitter.h(172,12): warning C4244: 'initializing': conversion from 'int' to 'float', possible loss of data
D:\Engines\EnginesAhoy\EnginesAhoy\EnginesAhoy\Button.h(17,27): warning C4244: 'argument': conversion from 'int' to 'float', possible loss of data
D:\Engines\EnginesAhoy\EnginesAhoy\EnginesAhoy\Button.h(17,24): warning C4244: 'argument': conversion from 'int' to 'float', possible loss of data
D:\Engines\EnginesAhoy\EnginesAhoy\EnginesAhoy\Button.h(42,31): warning C4838: conversion from 'float' to 'int' requires a narrowing conversion
D:\Engines\EnginesAhoy\EnginesAhoy\EnginesAhoy\Button.h(42,31): warning C4244: 'initializing': conversion from 'float' to 'int', possible loss of data
D:\Engines\EnginesAhoy\EnginesAhoy\EnginesAhoy\Button.h(42,43): warning C4838: conversion from 'float' to 'int' requires a narrowing conversion
D:\Engines\EnginesAhoy\EnginesAhoy\EnginesAhoy\Button.h(42,43): warning C4244: 'initializing': conversion from 'float' to 'int', possible loss of data
D:\Engines\EnginesAhoy\EnginesAhoy\EnginesAhoy\Button.h(62,114): warning C4244: 'argument': conversion from 'float' to 'int', possible loss of data
D:\Engines\EnginesAhoy\EnginesAhoy\EnginesAhoy\Button.h(62,64): warning C4244: 'argument': conversion from 'float' to 'int', possible loss of data
D:\Engines\EnginesAhoy\EnginesAhoy\EnginesAhoy\Engine.cpp(90,20): warning C4018: '<': signed/unsigned mismatch
D:\Engines\EnginesAhoy\EnginesAhoy\EnginesAhoy\Engine.cpp(113,20): warning C4018: '<': signed/unsigned mismatch
D:\Engines\EnginesAhoy\EnginesAhoy\EnginesAhoy\Engine.cpp(130,20): warning C4018: '<': signed/unsigned mismatch
  LevelManager.cpp
D:\Engines\EnginesAhoy\EnginesAhoy\EnginesAhoy\GameObject.h(13,7): warning C4244: '=': conversion from 'int' to 'float', possible loss of data
D:\Engines\EnginesAhoy\EnginesAhoy\EnginesAhoy\GameObject.h(14,7): warning C4244: '=': conversion from 'int' to 'float', possible loss of data
D:\Engines\EnginesAhoy\EnginesAhoy\EnginesAhoy\Button.h(17,27): warning C4244: 'argument': conversion from 'int' to 'float', possible loss of data
D:\Engines\EnginesAhoy\EnginesAhoy\EnginesAhoy\Button.h(17,24): warning C4244: 'argument': conversion from 'int' to 'float', possible loss of data
D:\Engines\EnginesAhoy\EnginesAhoy\EnginesAhoy\Button.h(42,31): warning C4838: conversion from 'float' to 'int' requires a narrowing conversion
D:\Engines\EnginesAhoy\EnginesAhoy\EnginesAhoy\Button.h(42,31): warning C4244: 'initializing': conversion from 'float' to 'int', possible loss of data
D:\Engines\EnginesAhoy\EnginesAhoy\EnginesAhoy\Button.h(42,43): warning C4838: conversion from 'float' to 'int' requires a narrowing conversion
D:\Engines\EnginesAhoy\EnginesAhoy\EnginesAhoy\Button.h(42,43): warning C4244: 'initializing': conversion from 'float' to 'int', possible loss of data
D:\Engines\EnginesAhoy\EnginesAhoy\EnginesAhoy\Button.h(62,114): warning C4244: 'argument': conversion from 'float' to 'int', possible loss of data
D:\Engines\EnginesAhoy\EnginesAhoy\EnginesAhoy\Button.h(62,64): warning C4244: 'argument': conversion from 'float' to 'int', possible loss of data
D:\Engines\EnginesAhoy\EnginesAhoy\EnginesAhoy\Particle.h(33,67): warning C4244: 'argument': conversion from 'float' to 'int', possible loss of data
D:\Engines\EnginesAhoy\EnginesAhoy\EnginesAhoy\Particle.h(33,59): warning C4244: 'argument': conversion from 'float' to 'int', possible loss of data
D:\Engines\EnginesAhoy\EnginesAhoy\EnginesAhoy\ParticleEmitter.h(41,21): warning C4018: '<': signed/unsigned mismatch
D:\Engines\EnginesAhoy\EnginesAhoy\EnginesAhoy\ParticleEmitter.h(51,17): warning C4244: 'initializing': conversion from 'float' to 'int', possible loss of data
D:\Engines\EnginesAhoy\EnginesAhoy\EnginesAhoy\ParticleEmitter.h(52,17): warning C4244: 'initializing': conversion from 'float' to 'int', possible loss of data
D:\Engines\EnginesAhoy\EnginesAhoy\EnginesAhoy\ParticleEmitter.h(56,17): warning C4244: 'initializing': conversion from 'float' to 'int', possible loss of data
D:\Engines\EnginesAhoy\EnginesAhoy\EnginesAhoy\ParticleEmitter.h(57,17): warning C4244: 'initializing': conversion from 'float' to 'int', possible loss of data
D:\Engines\EnginesAhoy\EnginesAhoy\EnginesAhoy\ParticleEmitter.h(98,21): warning C4018: '<': signed/unsigned mismatch
D:\Engines\EnginesAhoy\EnginesAhoy\EnginesAhoy\ParticleEmitter.h(127,21): warning C4018: '<': signed/unsigned mismatch
D:\Engines\EnginesAhoy\EnginesAhoy\EnginesAhoy\ParticleEmitter.h(170,11): warning C4244: 'initializing': conversion from 'int' to 'float', possible loss of data
D:\Engines\EnginesAhoy\EnginesAhoy\EnginesAhoy\ParticleEmitter.h(171,12): warning C4244: 'initializing': conversion from 'int' to 'float', possible loss of data
D:\Engines\EnginesAhoy\EnginesAhoy\EnginesAhoy\ParticleEmitter.h(172,12): warning C4244: 'initializing': conversion from 'int' to 'float', possible loss of data
D:\Engines\EnginesAhoy\EnginesAhoy\EnginesAhoy\LevelManager.cpp(43,20): warning C4018: '<': signed/unsigned mismatch
D:\Engines\EnginesAhoy\EnginesAhoy\EnginesAhoy\LevelManager.cpp(54,20): warning C4018: '<': signed/unsigned mismatch
  Generating code
  1 of 1505 functions (<0.1%) were compiled, the rest were copied from previous compilation.
    0 functions were new in current compilation
    1 functions had inline decision re-evaluated but remain unchanged
  Finished generating code
  EnginesAhoy.vcxproj -> D:\Engines\EnginesAhoy\EnginesAhoy\Release\EnginesAhoy.exe
